This is pdfTeX, Version 3.141592653-2.6-1.40.27 (TeX Live 2025) (preloaded format=pdflatex 2025.6.18)  17 FEB 2026 15:39
entering extended mode
 restricted \write18 enabled.
 %&-line parsing enabled.
**main.tex
(./main.tex
LaTeX2e <2024-11-01> patch level 2
L3 programming layer <2025-01-18>
(/usr/local/texlive/2025/texmf-dist/tex/latex/base/article.cls
Document Class: article 2024/06/29 v1.4n Standard LaTeX document class
(/usr/local/texlive/2025/texmf-dist/tex/latex/base/size10.clo
File: size10.clo 2024/06/29 v1.4n Standard LaTeX file (size option)
)
\c@part=\count196
\c@section=\count197
\c@subsection=\count198
\c@subsubsection=\count199
\c@paragraph=\count266
\c@subparagraph=\count267
\c@figure=\count268
\c@table=\count269
\abovecaptionskip=\skip49
\belowcaptionskip=\skip50
\bibindent=\dimen141
)
(/usr/local/texlive/2025/texmf-dist/tex/latex/graphics/graphicx.sty
Package: graphicx 2021/09/16 v1.2d Enhanced LaTeX Graphics (DPC,SPQR)

(/usr/local/texlive/2025/texmf-dist/tex/latex/graphics/keyval.sty
Package: keyval 2022/05/29 v1.15 key=value parser (DPC)
\KV@toks@=\toks17
)
(/usr/local/texlive/2025/texmf-dist/tex/latex/graphics/graphics.sty
Package: graphics 2024/08/06 v1.4g Standard LaTeX Graphics (DPC,SPQR)

(/usr/local/texlive/2025/texmf-dist/tex/latex/graphics/trig.sty
Package: trig 2023/12/02 v1.11 sin cos tan (DPC)
)
(/usr/local/texlive/2025/texmf-dist/tex/latex/graphics-cfg/graphics.cfg
File: graphics.cfg 2016/06/04 v1.11 sample graphics configuration
)
Package graphics Info: Driver file: pdftex.def on input line 106.

(/usr/local/texlive/2025/texmf-dist/tex/latex/graphics-def/pdftex.def
File: pdftex.def 2024/04/13 v1.2c Graphics/color driver for pdftex
))
\Gin@req@height=\dimen142
\Gin@req@width=\dimen143
)
(/usr/local/texlive/2025/texmf-dist/tex/latex/amsmath/amsmath.sty
Package: amsmath 2024/11/05 v2.17t AMS math features
\@mathmargin=\skip51

For additional information on amsmath, use the `?' option.
(/usr/local/texlive/2025/texmf-dist/tex/latex/amsmath/amstext.sty
Package: amstext 2021/08/26 v2.01 AMS text

(/usr/local/texlive/2025/texmf-dist/tex/latex/amsmath/amsgen.sty
File: amsgen.sty 1999/11/30 v2.0 generic functions
\@emptytoks=\toks18
\ex@=\dimen144
))
(/usr/local/texlive/2025/texmf-dist/tex/latex/amsmath/amsbsy.sty
Package: amsbsy 1999/11/29 v1.2d Bold Symbols
\pmbraise@=\dimen145
)
(/usr/local/texlive/2025/texmf-dist/tex/latex/amsmath/amsopn.sty
Package: amsopn 2022/04/08 v2.04 operator names
)
\inf@bad=\count270
LaTeX Info: Redefining \frac on input line 233.
\uproot@=\count271
\leftroot@=\count272
LaTeX Info: Redefining \overline on input line 398.
LaTeX Info: Redefining \colon on input line 409.
\classnum@=\count273
\DOTSCASE@=\count274
LaTeX Info: Redefining \ldots on input line 495.
LaTeX Info: Redefining \dots on input line 498.
LaTeX Info: Redefining \cdots on input line 619.
\Mathstrutbox@=\box52
\strutbox@=\box53
LaTeX Info: Redefining \big on input line 721.
LaTeX Info: Redefining \Big on input line 722.
LaTeX Info: Redefining \bigg on input line 723.
LaTeX Info: Redefining \Bigg on input line 724.
\big@size=\dimen146
LaTeX Font Info:    Redeclaring font encoding OML on input line 742.
LaTeX Font Info:    Redeclaring font encoding OMS on input line 743.
\macc@depth=\count275
LaTeX Info: Redefining \bmod on input line 904.
LaTeX Info: Redefining \pmod on input line 909.
LaTeX Info: Redefining \smash on input line 939.
LaTeX Info: Redefining \relbar on input line 969.
LaTeX Info: Redefining \Relbar on input line 970.
\c@MaxMatrixCols=\count276
\dotsspace@=\muskip17
\c@parentequation=\count277
\dspbrk@lvl=\count278
\tag@help=\toks19
\row@=\count279
\column@=\count280
\maxfields@=\count281
\andhelp@=\toks20
\eqnshift@=\dimen147
\alignsep@=\dimen148
\tagshift@=\dimen149
\tagwidth@=\dimen150
\totwidth@=\dimen151
\lineht@=\dimen152
\@envbody=\toks21
\multlinegap=\skip52
\multlinetaggap=\skip53
\mathdisplay@stack=\toks22
LaTeX Info: Redefining \[ on input line 2953.
LaTeX Info: Redefining \] on input line 2954.
)
(/usr/local/texlive/2025/texmf-dist/tex/latex/tools/bm.sty
Package: bm 2023/12/19 v1.2f Bold Symbol Support (DPC/FMi)
\symboldoperators=\mathgroup4
\symboldletters=\mathgroup5
\symboldsymbols=\mathgroup6
Package bm Info: No bold for \OMX/cmex/m/n, using \pmb.
LaTeX Font Info:    Redeclaring math alphabet \mathbf on input line 149.
)
(/usr/local/texlive/2025/texmf-dist/tex/latex/mathtools/mathtools.sty
Package: mathtools 2024/10/04 v1.31 mathematical typesetting tools

(/usr/local/texlive/2025/texmf-dist/tex/latex/tools/calc.sty
Package: calc 2023/07/08 v4.3 Infix arithmetic (KKT,FJ)
\calc@Acount=\count282
\calc@Bcount=\count283
\calc@Adimen=\dimen153
\calc@Bdimen=\dimen154
\calc@Askip=\skip54
\calc@Bskip=\skip55
LaTeX Info: Redefining \setlength on input line 80.
LaTeX Info: Redefining \addtolength on input line 81.
\calc@Ccount=\count284
\calc@Cskip=\skip56
)
(/usr/local/texlive/2025/texmf-dist/tex/latex/mathtools/mhsetup.sty
Package: mhsetup 2021/03/18 v1.4 programming setup (MH)
)
\g_MT_multlinerow_int=\count285
\l_MT_multwidth_dim=\dimen155
\origjot=\skip57
\l_MT_shortvdotswithinadjustabove_dim=\dimen156
\l_MT_shortvdotswithinadjustbelow_dim=\dimen157
\l_MT_above_intertext_sep=\dimen158
\l_MT_below_intertext_sep=\dimen159
\l_MT_above_shortintertext_sep=\dimen160
\l_MT_below_shortintertext_sep=\dimen161
\xmathstrut@box=\box54
\xmathstrut@dim=\dimen162
)
(/usr/local/texlive/2025/texmf-dist/tex/latex/amsfonts/amsfonts.sty
Package: amsfonts 2013/01/14 v3.01 Basic AMSFonts support
\symAMSa=\mathgroup7
\symAMSb=\mathgroup8
LaTeX Font Info:    Redeclaring math symbol \hbar on input line 98.
LaTeX Font Info:    Overwriting math alphabet `\mathfrak' in version `bold'
(Font)                  U/euf/m/n --> U/euf/b/n on input line 106.
)
(/usr/local/texlive/2025/texmf-dist/tex/latex/amsfonts/amssymb.sty
Package: amssymb 2013/01/14 v3.01 AMS font symbols
)
(/usr/local/texlive/2025/texmf-dist/tex/latex/xcolor/xcolor.sty
Package: xcolor 2024/09/29 v3.02 LaTeX color extensions (UK)

(/usr/local/texlive/2025/texmf-dist/tex/latex/graphics-cfg/color.cfg
File: color.cfg 2016/01/02 v1.6 sample color configuration
)
Package xcolor Info: Driver file: pdftex.def on input line 274.

(/usr/local/texlive/2025/texmf-dist/tex/latex/graphics/mathcolor.ltx)
Package xcolor Info: Model `cmy' substituted by `cmy0' on input line 1349.
Package xcolor Info: Model `hsb' substituted by `rgb' on input line 1353.
Package xcolor Info: Model `RGB' extended on input line 1365.
Package xcolor Info: Model `HTML' substituted by `rgb' on input line 1367.
Package xcolor Info: Model `Hsb' substituted by `hsb' on input line 1368.
Package xcolor Info: Model `tHsb' substituted by `hsb' on input line 1369.
Package xcolor Info: Model `HSB' substituted by `hsb' on input line 1370.
Package xcolor Info: Model `Gray' substituted by `gray' on input line 1371.
Package xcolor Info: Model `wave' substituted by `hsb' on input line 1372.
)
(/usr/local/texlive/2025/texmf-dist/tex/latex/adjustbox/adjustbox.sty
Package: adjustbox 2025/02/26 v1.3c Adjusting TeX boxes (trim, clip, ...)

(/usr/local/texlive/2025/texmf-dist/tex/latex/xkeyval/xkeyval.sty
Package: xkeyval 2022/06/16 v2.9 package option processing (HA)

(/usr/local/texlive/2025/texmf-dist/tex/generic/xkeyval/xkeyval.tex
(/usr/local/texlive/2025/texmf-dist/tex/generic/xkeyval/xkvutils.tex
\XKV@toks=\toks23
\XKV@tempa@toks=\toks24
)
\XKV@depth=\count286
File: xkeyval.tex 2014/12/03 v2.7a key=value parser (HA)
))
(/usr/local/texlive/2025/texmf-dist/tex/latex/adjustbox/adjcalc.sty
Package: adjcalc 2012/05/16 v1.1 Provides advanced setlength with multiple back
-ends (calc, etex, pgfmath)
)
(/usr/local/texlive/2025/texmf-dist/tex/latex/adjustbox/trimclip.sty
Package: trimclip 2025/02/21 v1.2a Trim and clip general TeX material

(/usr/local/texlive/2025/texmf-dist/tex/latex/collectbox/collectbox.sty
Package: collectbox 2022/10/17 v0.4c Collect macro arguments as boxes
\collectedbox=\box55
)
\tc@llx=\dimen163
\tc@lly=\dimen164
\tc@urx=\dimen165
\tc@ury=\dimen166
Package trimclip Info: Using driver 'tc-pdftex.def'.

(/usr/local/texlive/2025/texmf-dist/tex/latex/adjustbox/tc-pdftex.def
File: tc-pdftex.def 2025/02/26 v2.3 Clipping driver for pdftex
))
\adjbox@Width=\dimen167
\adjbox@Height=\dimen168
\adjbox@Depth=\dimen169
\adjbox@Totalheight=\dimen170
\adjbox@pwidth=\dimen171
\adjbox@pheight=\dimen172
\adjbox@pdepth=\dimen173
\adjbox@ptotalheight=\dimen174

(/usr/local/texlive/2025/texmf-dist/tex/latex/ifoddpage/ifoddpage.sty
Package: ifoddpage 2022/10/18 v1.2 Conditionals for odd/even page detection
\c@checkoddpage=\count287
)
(/usr/local/texlive/2025/texmf-dist/tex/latex/varwidth/varwidth.sty
Package: varwidth 2009/03/30 ver 0.92;  Variable-width minipages
\@vwid@box=\box56
\sift@deathcycles=\count288
\@vwid@loff=\dimen175
\@vwid@roff=\dimen176
))
(/usr/local/texlive/2025/texmf-dist/tex/latex/tools/hhline.sty
Package: hhline 2020/01/04 v2.04 Table rule package (DPC)
)
(/usr/local/texlive/2025/texmf-dist/tex/latex/caption/caption.sty
Package: caption 2023/08/05 v3.6o Customizing captions (AR)

(/usr/local/texlive/2025/texmf-dist/tex/latex/caption/caption3.sty
Package: caption3 2023/07/31 v2.4d caption3 kernel (AR)
\caption@tempdima=\dimen177
\captionmargin=\dimen178
\caption@leftmargin=\dimen179
\caption@rightmargin=\dimen180
\caption@width=\dimen181
\caption@indent=\dimen182
\caption@parindent=\dimen183
\caption@hangindent=\dimen184
Package caption Info: Standard document class detected.
)
\c@caption@flags=\count289
\c@continuedfloat=\count290
)
(/usr/local/texlive/2025/texmf-dist/tex/latex/hyperref/hyperref.sty
Package: hyperref 2024-11-05 v7.01l Hypertext links for LaTeX

(/usr/local/texlive/2025/texmf-dist/tex/generic/iftex/iftex.sty
Package: iftex 2024/12/12 v1.0g TeX engine tests
)
(/usr/local/texlive/2025/texmf-dist/tex/latex/kvsetkeys/kvsetkeys.sty
Package: kvsetkeys 2022-10-05 v1.19 Key value parser (HO)
)
(/usr/local/texlive/2025/texmf-dist/tex/generic/kvdefinekeys/kvdefinekeys.sty
Package: kvdefinekeys 2019-12-19 v1.6 Define keys (HO)
)
(/usr/local/texlive/2025/texmf-dist/tex/generic/pdfescape/pdfescape.sty
Package: pdfescape 2019/12/09 v1.15 Implements pdfTeX's escape features (HO)

(/usr/local/texlive/2025/texmf-dist/tex/generic/ltxcmds/ltxcmds.sty
Package: ltxcmds 2023-12-04 v1.26 LaTeX kernel commands for general use (HO)
)
(/usr/local/texlive/2025/texmf-dist/tex/generic/pdftexcmds/pdftexcmds.sty
Package: pdftexcmds 2020-06-27 v0.33 Utility functions of pdfTeX for LuaTeX (HO
)

(/usr/local/texlive/2025/texmf-dist/tex/generic/infwarerr/infwarerr.sty
Package: infwarerr 2019/12/03 v1.5 Providing info/warning/error messages (HO)
)
Package pdftexcmds Info: \pdf@primitive is available.
Package pdftexcmds Info: \pdf@ifprimitive is available.
Package pdftexcmds Info: \pdfdraftmode found.
))
(/usr/local/texlive/2025/texmf-dist/tex/latex/hycolor/hycolor.sty
Package: hycolor 2020-01-27 v1.10 Color options for hyperref/bookmark (HO)
)
(/usr/local/texlive/2025/texmf-dist/tex/latex/hyperref/nameref.sty
Package: nameref 2023-11-26 v2.56 Cross-referencing by name of section

(/usr/local/texlive/2025/texmf-dist/tex/latex/refcount/refcount.sty
Package: refcount 2019/12/15 v3.6 Data extraction from label references (HO)
)
(/usr/local/texlive/2025/texmf-dist/tex/generic/gettitlestring/gettitlestring.s
ty
Package: gettitlestring 2019/12/15 v1.6 Cleanup title references (HO)
 (/usr/local/texlive/2025/texmf-dist/tex/latex/kvoptions/kvoptions.sty
Package: kvoptions 2022-06-15 v3.15 Key value format for package options (HO)
))
\c@section@level=\count291
)
(/usr/local/texlive/2025/texmf-dist/tex/latex/etoolbox/etoolbox.sty
Package: etoolbox 2025/02/11 v2.5l e-TeX tools for LaTeX (JAW)
\etb@tempcnta=\count292
)
(/usr/local/texlive/2025/texmf-dist/tex/generic/stringenc/stringenc.sty
Package: stringenc 2019/11/29 v1.12 Convert strings between diff. encodings (HO
)
)
\@linkdim=\dimen185
\Hy@linkcounter=\count293
\Hy@pagecounter=\count294

(/usr/local/texlive/2025/texmf-dist/tex/latex/hyperref/pd1enc.def
File: pd1enc.def 2024-11-05 v7.01l Hyperref: PDFDocEncoding definition (HO)
Now handling font encoding PD1 ...
... no UTF-8 mapping file for font encoding PD1
)
(/usr/local/texlive/2025/texmf-dist/tex/generic/intcalc/intcalc.sty
Package: intcalc 2019/12/15 v1.3 Expandable calculations with integers (HO)
)
\Hy@SavedSpaceFactor=\count295

(/usr/local/texlive/2025/texmf-dist/tex/latex/hyperref/puenc.def
File: puenc.def 2024-11-05 v7.01l Hyperref: PDF Unicode definition (HO)
Now handling font encoding PU ...
... no UTF-8 mapping file for font encoding PU
)
Package hyperref Info: Hyper figures OFF on input line 4157.
Package hyperref Info: Link nesting OFF on input line 4162.
Package hyperref Info: Hyper index ON on input line 4165.
Package hyperref Info: Plain pages OFF on input line 4172.
Package hyperref Info: Backreferencing OFF on input line 4177.
Package hyperref Info: Implicit mode ON; LaTeX internals redefined.
Package hyperref Info: Bookmarks ON on input line 4424.
\c@Hy@tempcnt=\count296

(/usr/local/texlive/2025/texmf-dist/tex/latex/url/url.sty
\Urlmuskip=\muskip18
Package: url 2013/09/16  ver 3.4  Verb mode for urls, etc.
)
LaTeX Info: Redefining \url on input line 4763.
\XeTeXLinkMargin=\dimen186

(/usr/local/texlive/2025/texmf-dist/tex/generic/bitset/bitset.sty
Package: bitset 2019/12/09 v1.3 Handle bit-vector datatype (HO)

(/usr/local/texlive/2025/texmf-dist/tex/generic/bigintcalc/bigintcalc.sty
Package: bigintcalc 2019/12/15 v1.5 Expandable calculations on big integers (HO
)
))
\Fld@menulength=\count297
\Field@Width=\dimen187
\Fld@charsize=\dimen188
Package hyperref Info: Hyper figures OFF on input line 6042.
Package hyperref Info: Link nesting OFF on input line 6047.
Package hyperref Info: Hyper index ON on input line 6050.
Package hyperref Info: backreferencing OFF on input line 6057.
Package hyperref Info: Link coloring OFF on input line 6062.
Package hyperref Info: Link coloring with OCG OFF on input line 6067.
Package hyperref Info: PDF/A mode OFF on input line 6072.

(/usr/local/texlive/2025/texmf-dist/tex/latex/base/atbegshi-ltx.sty
Package: atbegshi-ltx 2021/01/10 v1.0c Emulation of the original atbegshi
package with kernel methods
)
\Hy@abspage=\count298
\c@Item=\count299
\c@Hfootnote=\count300
)
Package hyperref Info: Driver (autodetected): hpdftex.

(/usr/local/texlive/2025/texmf-dist/tex/latex/hyperref/hpdftex.def
File: hpdftex.def 2024-11-05 v7.01l Hyperref driver for pdfTeX

(/usr/local/texlive/2025/texmf-dist/tex/latex/base/atveryend-ltx.sty
Package: atveryend-ltx 2020/08/19 v1.0a Emulation of the original atveryend pac
kage
with kernel methods
)
\Fld@listcount=\count301
\c@bookmark@seq@number=\count302

(/usr/local/texlive/2025/texmf-dist/tex/latex/rerunfilecheck/rerunfilecheck.sty
Package: rerunfilecheck 2022-07-10 v1.10 Rerun checks for auxiliary files (HO)

(/usr/local/texlive/2025/texmf-dist/tex/generic/uniquecounter/uniquecounter.sty
Package: uniquecounter 2019/12/15 v1.4 Provide unlimited unique counter (HO)
)
Package uniquecounter Info: New unique counter `rerunfilecheck' on input line 2
85.
)
\Hy@SectionHShift=\skip58
) (/usr/local/texlive/2025/texmf-dist/tex/latex/tools/array.sty
Package: array 2024/10/17 v2.6g Tabular extension package (FMi)
\col@sep=\dimen189
\ar@mcellbox=\box57
\extrarowheight=\dimen190
\NC@list=\toks25
\extratabsurround=\skip59
\backup@length=\skip60
\ar@cellbox=\box58
)
(/usr/local/texlive/2025/texmf-dist/tex/latex/makecell/makecell.sty
Package: makecell 2009/08/03 V0.1e Managing of Tab Column Heads and Cells
\rotheadsize=\dimen191
\c@nlinenum=\count303
\TeXr@lab=\toks26
)
(/usr/local/texlive/2025/texmf-dist/tex/latex/pgf/frontendlayer/tikz.sty
(/usr/local/texlive/2025/texmf-dist/tex/latex/pgf/basiclayer/pgf.sty
(/usr/local/texlive/2025/texmf-dist/tex/latex/pgf/utilities/pgfrcs.sty
(/usr/local/texlive/2025/texmf-dist/tex/generic/pgf/utilities/pgfutil-common.te
x
\pgfutil@everybye=\toks27
\pgfutil@tempdima=\dimen192
\pgfutil@tempdimb=\dimen193
)
(/usr/local/texlive/2025/texmf-dist/tex/generic/pgf/utilities/pgfutil-latex.def
\pgfutil@abb=\box59
) (/usr/local/texlive/2025/texmf-dist/tex/generic/pgf/utilities/pgfrcs.code.tex
(/usr/local/texlive/2025/texmf-dist/tex/generic/pgf/pgf.revision.tex)
Package: pgfrcs 2023-01-15 v3.1.10 (3.1.10)
))
Package: pgf 2023-01-15 v3.1.10 (3.1.10)

(/usr/local/texlive/2025/texmf-dist/tex/latex/pgf/basiclayer/pgfcore.sty
(/usr/local/texlive/2025/texmf-dist/tex/latex/pgf/systemlayer/pgfsys.sty
(/usr/local/texlive/2025/texmf-dist/tex/generic/pgf/systemlayer/pgfsys.code.tex
Package: pgfsys 2023-01-15 v3.1.10 (3.1.10)
(/usr/local/texlive/2025/texmf-dist/tex/generic/pgf/utilities/pgfkeys.code.tex
\pgfkeys@pathtoks=\toks28
\pgfkeys@temptoks=\toks29

(/usr/local/texlive/2025/texmf-dist/tex/generic/pgf/utilities/pgfkeyslibraryfil
tered.code.tex
\pgfkeys@tmptoks=\toks30
))
\pgf@x=\dimen194
\pgf@y=\dimen195
\pgf@xa=\dimen196
\pgf@ya=\dimen197
\pgf@xb=\dimen198
\pgf@yb=\dimen199
\pgf@xc=\dimen256
\pgf@yc=\dimen257
\pgf@xd=\dimen258
\pgf@yd=\dimen259
\w@pgf@writea=\write3
\r@pgf@reada=\read2
\c@pgf@counta=\count304
\c@pgf@countb=\count305
\c@pgf@countc=\count306
\c@pgf@countd=\count307
\t@pgf@toka=\toks31
\t@pgf@tokb=\toks32
\t@pgf@tokc=\toks33
\pgf@sys@id@count=\count308

(/usr/local/texlive/2025/texmf-dist/tex/generic/pgf/systemlayer/pgf.cfg
File: pgf.cfg 2023-01-15 v3.1.10 (3.1.10)
)
Driver file for pgf: pgfsys-pdftex.def

(/usr/local/texlive/2025/texmf-dist/tex/generic/pgf/systemlayer/pgfsys-pdftex.d
ef
File: pgfsys-pdftex.def 2023-01-15 v3.1.10 (3.1.10)

(/usr/local/texlive/2025/texmf-dist/tex/generic/pgf/systemlayer/pgfsys-common-p
df.def
File: pgfsys-common-pdf.def 2023-01-15 v3.1.10 (3.1.10)
)))
(/usr/local/texlive/2025/texmf-dist/tex/generic/pgf/systemlayer/pgfsyssoftpath.
code.tex
File: pgfsyssoftpath.code.tex 2023-01-15 v3.1.10 (3.1.10)
\pgfsyssoftpath@smallbuffer@items=\count309
\pgfsyssoftpath@bigbuffer@items=\count310
)
(/usr/local/texlive/2025/texmf-dist/tex/generic/pgf/systemlayer/pgfsysprotocol.
code.tex
File: pgfsysprotocol.code.tex 2023-01-15 v3.1.10 (3.1.10)
))
(/usr/local/texlive/2025/texmf-dist/tex/generic/pgf/basiclayer/pgfcore.code.tex
Package: pgfcore 2023-01-15 v3.1.10 (3.1.10)
(/usr/local/texlive/2025/texmf-dist/tex/generic/pgf/math/pgfmath.code.tex
(/usr/local/texlive/2025/texmf-dist/tex/generic/pgf/math/pgfmathutil.code.tex)
(/usr/local/texlive/2025/texmf-dist/tex/generic/pgf/math/pgfmathparser.code.tex
\pgfmath@dimen=\dimen260
\pgfmath@count=\count311
\pgfmath@box=\box60
\pgfmath@toks=\toks34
\pgfmath@stack@operand=\toks35
\pgfmath@stack@operation=\toks36
)
(/usr/local/texlive/2025/texmf-dist/tex/generic/pgf/math/pgfmathfunctions.code.
tex)
(/usr/local/texlive/2025/texmf-dist/tex/generic/pgf/math/pgfmathfunctions.basic
.code.tex)
(/usr/local/texlive/2025/texmf-dist/tex/generic/pgf/math/pgfmathfunctions.trigo
nometric.code.tex)
(/usr/local/texlive/2025/texmf-dist/tex/generic/pgf/math/pgfmathfunctions.rando
m.code.tex)
(/usr/local/texlive/2025/texmf-dist/tex/generic/pgf/math/pgfmathfunctions.compa
rison.code.tex)
(/usr/local/texlive/2025/texmf-dist/tex/generic/pgf/math/pgfmathfunctions.base.
code.tex)
(/usr/local/texlive/2025/texmf-dist/tex/generic/pgf/math/pgfmathfunctions.round
.code.tex)
(/usr/local/texlive/2025/texmf-dist/tex/generic/pgf/math/pgfmathfunctions.misc.
code.tex)
(/usr/local/texlive/2025/texmf-dist/tex/generic/pgf/math/pgfmathfunctions.integ
erarithmetics.code.tex)
(/usr/local/texlive/2025/texmf-dist/tex/generic/pgf/math/pgfmathcalc.code.tex)
(/usr/local/texlive/2025/texmf-dist/tex/generic/pgf/math/pgfmathfloat.code.tex
\c@pgfmathroundto@lastzeros=\count312
)) (/usr/local/texlive/2025/texmf-dist/tex/generic/pgf/math/pgfint.code.tex)
(/usr/local/texlive/2025/texmf-dist/tex/generic/pgf/basiclayer/pgfcorepoints.co
de.tex
File: pgfcorepoints.code.tex 2023-01-15 v3.1.10 (3.1.10)
\pgf@picminx=\dimen261
\pgf@picmaxx=\dimen262
\pgf@picminy=\dimen263
\pgf@picmaxy=\dimen264
\pgf@pathminx=\dimen265
\pgf@pathmaxx=\dimen266
\pgf@pathminy=\dimen267
\pgf@pathmaxy=\dimen268
\pgf@xx=\dimen269
\pgf@xy=\dimen270
\pgf@yx=\dimen271
\pgf@yy=\dimen272
\pgf@zx=\dimen273
\pgf@zy=\dimen274
)
(/usr/local/texlive/2025/texmf-dist/tex/generic/pgf/basiclayer/pgfcorepathconst
ruct.code.tex
File: pgfcorepathconstruct.code.tex 2023-01-15 v3.1.10 (3.1.10)
\pgf@path@lastx=\dimen275
\pgf@path@lasty=\dimen276
)
(/usr/local/texlive/2025/texmf-dist/tex/generic/pgf/basiclayer/pgfcorepathusage
.code.tex
File: pgfcorepathusage.code.tex 2023-01-15 v3.1.10 (3.1.10)
\pgf@shorten@end@additional=\dimen277
\pgf@shorten@start@additional=\dimen278
)
(/usr/local/texlive/2025/texmf-dist/tex/generic/pgf/basiclayer/pgfcorescopes.co
de.tex
File: pgfcorescopes.code.tex 2023-01-15 v3.1.10 (3.1.10)
\pgfpic=\box61
\pgf@hbox=\box62
\pgf@layerbox@main=\box63
\pgf@picture@serial@count=\count313
)
(/usr/local/texlive/2025/texmf-dist/tex/generic/pgf/basiclayer/pgfcoregraphicst
ate.code.tex
File: pgfcoregraphicstate.code.tex 2023-01-15 v3.1.10 (3.1.10)
\pgflinewidth=\dimen279
)
(/usr/local/texlive/2025/texmf-dist/tex/generic/pgf/basiclayer/pgfcoretransform
ations.code.tex
File: pgfcoretransformations.code.tex 2023-01-15 v3.1.10 (3.1.10)
\pgf@pt@x=\dimen280
\pgf@pt@y=\dimen281
\pgf@pt@temp=\dimen282
)
(/usr/local/texlive/2025/texmf-dist/tex/generic/pgf/basiclayer/pgfcorequick.cod
e.tex
File: pgfcorequick.code.tex 2023-01-15 v3.1.10 (3.1.10)
)
(/usr/local/texlive/2025/texmf-dist/tex/generic/pgf/basiclayer/pgfcoreobjects.c
ode.tex
File: pgfcoreobjects.code.tex 2023-01-15 v3.1.10 (3.1.10)
)
(/usr/local/texlive/2025/texmf-dist/tex/generic/pgf/basiclayer/pgfcorepathproce
ssing.code.tex
File: pgfcorepathprocessing.code.tex 2023-01-15 v3.1.10 (3.1.10)
)
(/usr/local/texlive/2025/texmf-dist/tex/generic/pgf/basiclayer/pgfcorearrows.co
de.tex
File: pgfcorearrows.code.tex 2023-01-15 v3.1.10 (3.1.10)
\pgfarrowsep=\dimen283
)
(/usr/local/texlive/2025/texmf-dist/tex/generic/pgf/basiclayer/pgfcoreshade.cod
e.tex
File: pgfcoreshade.code.tex 2023-01-15 v3.1.10 (3.1.10)
\pgf@max=\dimen284
\pgf@sys@shading@range@num=\count314
\pgf@shadingcount=\count315
)
(/usr/local/texlive/2025/texmf-dist/tex/generic/pgf/basiclayer/pgfcoreimage.cod
e.tex
File: pgfcoreimage.code.tex 2023-01-15 v3.1.10 (3.1.10)
)
(/usr/local/texlive/2025/texmf-dist/tex/generic/pgf/basiclayer/pgfcoreexternal.
code.tex
File: pgfcoreexternal.code.tex 2023-01-15 v3.1.10 (3.1.10)
\pgfexternal@startupbox=\box64
)
(/usr/local/texlive/2025/texmf-dist/tex/generic/pgf/basiclayer/pgfcorelayers.co
de.tex
File: pgfcorelayers.code.tex 2023-01-15 v3.1.10 (3.1.10)
)
(/usr/local/texlive/2025/texmf-dist/tex/generic/pgf/basiclayer/pgfcoretranspare
ncy.code.tex
File: pgfcoretransparency.code.tex 2023-01-15 v3.1.10 (3.1.10)
)
(/usr/local/texlive/2025/texmf-dist/tex/generic/pgf/basiclayer/pgfcorepatterns.
code.tex
File: pgfcorepatterns.code.tex 2023-01-15 v3.1.10 (3.1.10)
)
(/usr/local/texlive/2025/texmf-dist/tex/generic/pgf/basiclayer/pgfcorerdf.code.
tex
File: pgfcorerdf.code.tex 2023-01-15 v3.1.10 (3.1.10)
)))
(/usr/local/texlive/2025/texmf-dist/tex/generic/pgf/modules/pgfmoduleshapes.cod
e.tex
File: pgfmoduleshapes.code.tex 2023-01-15 v3.1.10 (3.1.10)
\pgfnodeparttextbox=\box65
)
(/usr/local/texlive/2025/texmf-dist/tex/generic/pgf/modules/pgfmoduleplot.code.
tex
File: pgfmoduleplot.code.tex 2023-01-15 v3.1.10 (3.1.10)
)
(/usr/local/texlive/2025/texmf-dist/tex/latex/pgf/compatibility/pgfcomp-version
-0-65.sty
Package: pgfcomp-version-0-65 2023-01-15 v3.1.10 (3.1.10)
\pgf@nodesepstart=\dimen285
\pgf@nodesepend=\dimen286
)
(/usr/local/texlive/2025/texmf-dist/tex/latex/pgf/compatibility/pgfcomp-version
-1-18.sty
Package: pgfcomp-version-1-18 2023-01-15 v3.1.10 (3.1.10)
))
(/usr/local/texlive/2025/texmf-dist/tex/latex/pgf/utilities/pgffor.sty
(/usr/local/texlive/2025/texmf-dist/tex/latex/pgf/utilities/pgfkeys.sty
(/usr/local/texlive/2025/texmf-dist/tex/generic/pgf/utilities/pgfkeys.code.tex)
) (/usr/local/texlive/2025/texmf-dist/tex/latex/pgf/math/pgfmath.sty
(/usr/local/texlive/2025/texmf-dist/tex/generic/pgf/math/pgfmath.code.tex))
(/usr/local/texlive/2025/texmf-dist/tex/generic/pgf/utilities/pgffor.code.tex
Package: pgffor 2023-01-15 v3.1.10 (3.1.10)
\pgffor@iter=\dimen287
\pgffor@skip=\dimen288
\pgffor@stack=\toks37
\pgffor@toks=\toks38
))
(/usr/local/texlive/2025/texmf-dist/tex/generic/pgf/frontendlayer/tikz/tikz.cod
e.tex
Package: tikz 2023-01-15 v3.1.10 (3.1.10)

(/usr/local/texlive/2025/texmf-dist/tex/generic/pgf/libraries/pgflibraryplothan
dlers.code.tex
File: pgflibraryplothandlers.code.tex 2023-01-15 v3.1.10 (3.1.10)
\pgf@plot@mark@count=\count316
\pgfplotmarksize=\dimen289
)
\tikz@lastx=\dimen290
\tikz@lasty=\dimen291
\tikz@lastxsaved=\dimen292
\tikz@lastysaved=\dimen293
\tikz@lastmovetox=\dimen294
\tikz@lastmovetoy=\dimen295
\tikzleveldistance=\dimen296
\tikzsiblingdistance=\dimen297
\tikz@figbox=\box66
\tikz@figbox@bg=\box67
\tikz@tempbox=\box68
\tikz@tempbox@bg=\box69
\tikztreelevel=\count317
\tikznumberofchildren=\count318
\tikznumberofcurrentchild=\count319
\tikz@fig@count=\count320

(/usr/local/texlive/2025/texmf-dist/tex/generic/pgf/modules/pgfmodulematrix.cod
e.tex
File: pgfmodulematrix.code.tex 2023-01-15 v3.1.10 (3.1.10)
\pgfmatrixcurrentrow=\count321
\pgfmatrixcurrentcolumn=\count322
\pgf@matrix@numberofcolumns=\count323
)
\tikz@expandcount=\count324

(/usr/local/texlive/2025/texmf-dist/tex/generic/pgf/frontendlayer/tikz/librarie
s/tikzlibrarytopaths.code.tex
File: tikzlibrarytopaths.code.tex 2023-01-15 v3.1.10 (3.1.10)
)))
(/usr/local/texlive/2025/texmf-dist/tex/generic/pgf/frontendlayer/tikz/librarie
s/tikzlibrarydecorations.pathreplacing.code.tex
(/usr/local/texlive/2025/texmf-dist/tex/generic/pgf/frontendlayer/tikz/librarie
s/tikzlibrarydecorations.code.tex
(/usr/local/texlive/2025/texmf-dist/tex/generic/pgf/modules/pgfmoduledecoration
s.code.tex
\pgfdecoratedcompleteddistance=\dimen298
\pgfdecoratedremainingdistance=\dimen299
\pgfdecoratedinputsegmentcompleteddistance=\dimen300
\pgfdecoratedinputsegmentremainingdistance=\dimen301
\pgf@decorate@distancetomove=\dimen302
\pgf@decorate@repeatstate=\count325
\pgfdecorationsegmentamplitude=\dimen303
\pgfdecorationsegmentlength=\dimen304
)
\tikz@lib@dec@box=\box70
)
(/usr/local/texlive/2025/texmf-dist/tex/generic/pgf/libraries/decorations/pgfli
brarydecorations.pathreplacing.code.tex))
(/usr/local/texlive/2025/texmf-dist/tex/latex/spath3/tikzlibrarycalligraphy.cod
e.tex (/usr/local/texlive/2025/texmf-dist/tex/latex/spath3/spath3.sty
(/usr/local/texlive/2025/texmf-dist/tex/latex/l3kernel/expl3.sty
Package: expl3 2025-01-18 L3 programming layer (loader) 

(/usr/local/texlive/2025/texmf-dist/tex/latex/l3backend/l3backend-pdftex.def
File: l3backend-pdftex.def 2024-05-08 L3 backend support: PDF output (pdfTeX)
\l__color_backend_stack_int=\count326
\l__pdf_internal_box=\box71
))
Package: spath3 2024/05/31 v2.8 Functions for manipulating PGF soft paths

(/usr/local/texlive/2025/texmf-dist/tex/latex/l3packages/xparse/xparse.sty
Package: xparse 2024-08-16 L3 Experimental document command parser
)
\g__spath_output_int=\count327
\l__spath_tmpa_dim=\dimen305
\l__spath_tmpb_dim=\dimen306
\l__spath_tmpa_int=\count328
\l__spath_tmpb_int=\count329
\l__spath_move_x_dim=\dimen307
\l__spath_move_y_dim=\dimen308
\l__spath_rectx_dim=\dimen309
\l__spath_recty_dim=\dimen310
\g__spath_anon_int=\count330
)
\l__cal_tmpa_int=\count331
\l__cal_tmpb_int=\count332
\g__cal_path_component_int=\count333
\g__cal_label_int=\count334
\l__cal_tmpa_dim=\dimen311
\l__cal_tmpb_dim=\dimen312
\l__cal_tmpc_dim=\dimen313
\l__cal_tmpd_dim=\dimen314
\l__cal_tmpe_dim=\dimen315
\l__cal_tmpf_dim=\dimen316
\l__cal_tmpg_dim=\dimen317
\l__cal_tmph_dim=\dimen318
\l__cal_taper_width_dim=\dimen319
\l__cal_line_width_dim=\dimen320
)
(/usr/local/texlive/2025/texmf-dist/tex/generic/pgf/frontendlayer/tikz/librarie
s/tikzlibrarypositioning.code.tex
File: tikzlibrarypositioning.code.tex 2023-01-15 v3.1.10 (3.1.10)
)
(/usr/local/texlive/2025/texmf-dist/tex/generic/pgf/frontendlayer/tikz/librarie
s/tikzlibraryshapes.symbols.code.tex
File: tikzlibraryshapes.symbols.code.tex 2023-01-15 v3.1.10 (3.1.10)

(/usr/local/texlive/2025/texmf-dist/tex/generic/pgf/libraries/shapes/pgflibrary
shapes.symbols.code.tex
File: pgflibraryshapes.symbols.code.tex 2023-01-15 v3.1.10 (3.1.10)
))
(/usr/local/texlive/2025/texmf-dist/tex/generic/pgf/frontendlayer/tikz/librarie
s/tikzlibraryfit.code.tex
File: tikzlibraryfit.code.tex 2023-01-15 v3.1.10 (3.1.10)
)
(/usr/local/texlive/2025/texmf-dist/tex/latex/biblatex/biblatex.sty
Package: biblatex 2024/03/21 v3.20 programmable bibliographies (PK/MW)

(/usr/local/texlive/2025/texmf-dist/tex/latex/logreq/logreq.sty
Package: logreq 2010/08/04 v1.0 xml request logger
\lrq@indent=\count335

(/usr/local/texlive/2025/texmf-dist/tex/latex/logreq/logreq.def
File: logreq.def 2010/08/04 v1.0 logreq spec v1.0
))
(/usr/local/texlive/2025/texmf-dist/tex/latex/base/ifthen.sty
Package: ifthen 2024/03/16 v1.1e Standard LaTeX ifthen package (DPC)
)
\c@tabx@nest=\count336
\c@listtotal=\count337
\c@listcount=\count338
\c@liststart=\count339
\c@liststop=\count340
\c@citecount=\count341
\c@citetotal=\count342
\c@multicitecount=\count343
\c@multicitetotal=\count344
\c@instcount=\count345
\c@maxnames=\count346
\c@minnames=\count347
\c@maxitems=\count348
\c@minitems=\count349
\c@citecounter=\count350
\c@maxcitecounter=\count351
\c@savedcitecounter=\count352
\c@uniquelist=\count353
\c@uniquename=\count354
\c@refsection=\count355
\c@refsegment=\count356
\c@maxextratitle=\count357
\c@maxextratitleyear=\count358
\c@maxextraname=\count359
\c@maxextradate=\count360
\c@maxextraalpha=\count361
\c@abbrvpenalty=\count362
\c@highnamepenalty=\count363
\c@lownamepenalty=\count364
\c@maxparens=\count365
\c@parenlevel=\count366
\blx@tempcnta=\count367
\blx@tempcntb=\count368
\blx@tempcntc=\count369
\c@blx@maxsection=\count370
\blx@maxsegment@0=\count371
\blx@notetype=\count372
\blx@parenlevel@text=\count373
\blx@parenlevel@foot=\count374
\blx@sectionciteorder@0=\count375
\blx@sectionciteorderinternal@0=\count376
\blx@entrysetcounter=\count377
\blx@biblioinstance=\count378
\labelnumberwidth=\skip61
\labelalphawidth=\skip62
\biblabelsep=\skip63
\bibitemsep=\skip64
\bibnamesep=\skip65
\bibinitsep=\skip66
\bibparsep=\skip67
\bibhang=\skip68
\blx@bcfin=\read3
\blx@bcfout=\write4
\blx@langwohyphens=\language90
\c@mincomprange=\count379
\c@maxcomprange=\count380
\c@mincompwidth=\count381
Package biblatex Info: Trying to load biblatex default data model...
Package biblatex Info: ... file 'blx-dm.def' found.

(/usr/local/texlive/2025/texmf-dist/tex/latex/biblatex/blx-dm.def
File: blx-dm.def 2024/03/21 v3.20 biblatex datamodel (PK/MW)
)
Package biblatex Info: Trying to load biblatex style data model...
Package biblatex Info: ... file 'numeric.dbx' not found.
Package biblatex Info: Trying to load biblatex custom data model...
Package biblatex Info: ... file 'biblatex-dm.cfg' not found.
\c@afterword=\count382
\c@savedafterword=\count383
\c@annotator=\count384
\c@savedannotator=\count385
\c@author=\count386
\c@savedauthor=\count387
\c@bookauthor=\count388
\c@savedbookauthor=\count389
\c@commentator=\count390
\c@savedcommentator=\count391
\c@editor=\count392
\c@savededitor=\count393
\c@editora=\count394
\c@savededitora=\count395
\c@editorb=\count396
\c@savededitorb=\count397
\c@editorc=\count398
\c@savededitorc=\count399
\c@foreword=\count400
\c@savedforeword=\count401
\c@holder=\count402
\c@savedholder=\count403
\c@introduction=\count404
\c@savedintroduction=\count405
\c@namea=\count406
\c@savednamea=\count407
\c@nameb=\count408
\c@savednameb=\count409
\c@namec=\count410
\c@savednamec=\count411
\c@translator=\count412
\c@savedtranslator=\count413
\c@shortauthor=\count414
\c@savedshortauthor=\count415
\c@shorteditor=\count416
\c@savedshorteditor=\count417
\c@labelname=\count418
\c@savedlabelname=\count419
\c@institution=\count420
\c@savedinstitution=\count421
\c@lista=\count422
\c@savedlista=\count423
\c@listb=\count424
\c@savedlistb=\count425
\c@listc=\count426
\c@savedlistc=\count427
\c@listd=\count428
\c@savedlistd=\count429
\c@liste=\count430
\c@savedliste=\count431
\c@listf=\count432
\c@savedlistf=\count433
\c@location=\count434
\c@savedlocation=\count435
\c@organization=\count436
\c@savedorganization=\count437
\c@origlocation=\count438
\c@savedoriglocation=\count439
\c@origpublisher=\count440
\c@savedorigpublisher=\count441
\c@publisher=\count442
\c@savedpublisher=\count443
\c@language=\count444
\c@savedlanguage=\count445
\c@origlanguage=\count446
\c@savedoriglanguage=\count447
\c@pageref=\count448
\c@savedpageref=\count449
\shorthandwidth=\skip69
\shortjournalwidth=\skip70
\shortserieswidth=\skip71
\shorttitlewidth=\skip72
\shortauthorwidth=\skip73
\shorteditorwidth=\skip74
\locallabelnumberwidth=\skip75
\locallabelalphawidth=\skip76
\localshorthandwidth=\skip77
\localshortjournalwidth=\skip78
\localshortserieswidth=\skip79
\localshorttitlewidth=\skip80
\localshortauthorwidth=\skip81
\localshorteditorwidth=\skip82
Package biblatex Info: Trying to load compatibility code...
Package biblatex Info: ... file 'blx-compat.def' found.

(/usr/local/texlive/2025/texmf-dist/tex/latex/biblatex/blx-compat.def
File: blx-compat.def 2024/03/21 v3.20 biblatex compatibility (PK/MW)
)
Package biblatex Info: Trying to load BibTeX backend compatibility...
Package biblatex Info: ... file 'blx-bibtex.def' found.

(/usr/local/texlive/2025/texmf-dist/tex/latex/biblatex/blx-bibtex.def
File: blx-bibtex.def 2024/03/21 v3.20 biblatex compatibility (PK/MW)


Package biblatex Warning: Using fall-back bibtex backend:
(biblatex)                functionality may be reduced/unavailable.

)
Package biblatex Info: Trying to load generic definitions...
Package biblatex Info: ... file 'biblatex.def' found.
 (/usr/local/texlive/2025/texmf-dist/tex/latex/biblatex/biblatex.def
File: biblatex.def 2024/03/21 v3.20 biblatex compatibility (PK/MW)
\c@textcitecount=\count450
\c@textcitetotal=\count451
\c@textcitemaxnames=\count452
\c@biburlbigbreakpenalty=\count453
\c@biburlbreakpenalty=\count454
\c@biburlnumpenalty=\count455
\c@biburlucpenalty=\count456
\c@biburllcpenalty=\count457
\biburlbigskip=\muskip19
\biburlnumskip=\muskip20
\biburlucskip=\muskip21
\biburllcskip=\muskip22
\c@smartand=\count458
)
Package biblatex Info: Trying to load natbib compatibility...
Package biblatex Info: ... file 'blx-natbib.def' found.

(/usr/local/texlive/2025/texmf-dist/tex/latex/biblatex/blx-natbib.def
File: blx-natbib.def 2024/03/21 v3.20 biblatex compatibility (PK/MW)
Package biblatex Info: Delimiter 'nameyeardelim' in context '' already defined,
 overwriting.
)
Package biblatex Info: Trying to load bibliography style 'numeric'...
Package biblatex Info: ... file 'numeric.bbx' found.

(/usr/local/texlive/2025/texmf-dist/tex/latex/biblatex/bbx/numeric.bbx
File: numeric.bbx 2024/03/21 v3.20 biblatex bibliography style (PK/MW)
Package biblatex Info: Trying to load bibliography style 'standard'...
Package biblatex Info: ... file 'standard.bbx' found.

(/usr/local/texlive/2025/texmf-dist/tex/latex/biblatex/bbx/standard.bbx
File: standard.bbx 2024/03/21 v3.20 biblatex bibliography style (PK/MW)
\c@bbx:relatedcount=\count459
\c@bbx:relatedtotal=\count460
))
Package biblatex Info: Trying to load citation style 'numeric'...
Package biblatex Info: ... file 'numeric.cbx' found.

(/usr/local/texlive/2025/texmf-dist/tex/latex/biblatex/cbx/numeric.cbx
File: numeric.cbx 2024/03/21 v3.20 biblatex citation style (PK/MW)
Package biblatex Info: Redefining '\cite'.
Package biblatex Info: Redefining '\parencite'.
Package biblatex Info: Redefining '\footcite'.
Package biblatex Info: Redefining '\footcitetext'.
Package biblatex Info: Redefining '\smartcite'.
Package biblatex Info: Redefining '\supercite'.
Package biblatex Info: Redefining '\textcite'.
Package biblatex Info: Redefining '\textcites'.
Package biblatex Info: Redefining '\cites'.
Package biblatex Info: Redefining '\parencites'.
Package biblatex Info: Redefining '\smartcites'.
)
Package biblatex Info: Trying to load configuration file...
Package biblatex Info: ... file 'biblatex.cfg' found.

(/usr/local/texlive/2025/texmf-dist/tex/latex/biblatex/biblatex.cfg
File: biblatex.cfg 
)
Package biblatex Info: Input encoding 'utf8' detected.
Package biblatex Info: Document encoding is UTF8 ....
Package biblatex Info: ... and expl3
(biblatex)             2025-01-18 L3 programming layer (loader) 
(biblatex)             is new enough (at least 2020/04/06),
(biblatex)             setting 'casechanger=expl3'.

(/usr/local/texlive/2025/texmf-dist/tex/latex/biblatex/blx-case-expl3.sty
Package: blx-case-expl3 2024/03/21 v3.20 expl3 case changing code for biblatex
))
\@quotelevel=\count461
\@quotereset=\count462

(./main.aux)
\openout1 = `main.aux'.

LaTeX Font Info:    Checking defaults for OML/cmm/m/it on input line 60.
LaTeX Font Info:    ... okay on input line 60.
LaTeX Font Info:    Checking defaults for OMS/cmsy/m/n on input line 60.
LaTeX Font Info:    ... okay on input line 60.
LaTeX Font Info:    Checking defaults for OT1/cmr/m/n on input line 60.
LaTeX Font Info:    ... okay on input line 60.
LaTeX Font Info:    Checking defaults for T1/cmr/m/n on input line 60.
LaTeX Font Info:    ... okay on input line 60.
LaTeX Font Info:    Checking defaults for TS1/cmr/m/n on input line 60.
LaTeX Font Info:    ... okay on input line 60.
LaTeX Font Info:    Checking defaults for OMX/cmex/m/n on input line 60.
LaTeX Font Info:    ... okay on input line 60.
LaTeX Font Info:    Checking defaults for U/cmr/m/n on input line 60.
LaTeX Font Info:    ... okay on input line 60.
LaTeX Font Info:    Checking defaults for PD1/pdf/m/n on input line 60.
LaTeX Font Info:    ... okay on input line 60.
LaTeX Font Info:    Checking defaults for PU/pdf/m/n on input line 60.
LaTeX Font Info:    ... okay on input line 60.

(/usr/local/texlive/2025/texmf-dist/tex/context/base/mkii/supp-pdf.mkii
[Loading MPS to PDF converter (version 2006.09.02).]
\scratchcounter=\count463
\scratchdimen=\dimen321
\scratchbox=\box72
\nofMPsegments=\count464
\nofMParguments=\count465
\everyMPshowfont=\toks39
\MPscratchCnt=\count466
\MPscratchDim=\dimen322
\MPnumerator=\count467
\makeMPintoPDFobject=\count468
\everyMPtoPDFconversion=\toks40
) (/usr/local/texlive/2025/texmf-dist/tex/latex/epstopdf-pkg/epstopdf-base.sty
Package: epstopdf-base 2020-01-24 v2.11 Base part for package epstopdf
Package epstopdf-base Info: Redefining graphics rule for `.eps' on input line 4
85.

(/usr/local/texlive/2025/texmf-dist/tex/latex/latexconfig/epstopdf-sys.cfg
File: epstopdf-sys.cfg 2010/07/13 v1.3 Configuration of (r)epstopdf for TeX Liv
e
))
Package caption Info: Begin \AtBeginDocument code.
Package caption Info: hyperref package is loaded.
Package caption Info: End \AtBeginDocument code.
Package hyperref Info: Link coloring OFF on input line 60.

(./main.out) (./main.out)
\@outlinefile=\write5
\openout5 = `main.out'.

Package biblatex Info: Trying to load language 'english'...
Package biblatex Info: ... file 'english.lbx' found.

(/usr/local/texlive/2025/texmf-dist/tex/latex/biblatex/lbx/english.lbx
File: english.lbx 2024/03/21 v3.20 biblatex localization (PK/MW)
)
Package biblatex Info: Input encoding 'utf8' detected.
Package biblatex Info: Automatic encoding selection.
(biblatex)             Assuming data encoding 'utf8'.
Package biblatex Info: Input encoding 'utf8' detected.
Package biblatex Info: Data encoding 'utf8' specified.
(biblatex)             No need to reencode data.
\openout4 = `main-blx.bib'.

Package biblatex Info: Trying to load bibliographic data...
Package biblatex Info: ... file 'main.bbl' found.

(./main.bbl)
Package biblatex Info: Reference section=0 on input line 60.
Package biblatex Info: Reference segment=0 on input line 60.
LaTeX Font Info:    Trying to load font information for U+msa on input line 63.

 (/usr/local/texlive/2025/texmf-dist/tex/latex/amsfonts/umsa.fd
File: umsa.fd 2013/01/14 v3.01 AMS symbols A
)
LaTeX Font Info:    Trying to load font information for U+msb on input line 63.


(/usr/local/texlive/2025/texmf-dist/tex/latex/amsfonts/umsb.fd
File: umsb.fd 2013/01/14 v3.01 AMS symbols B
)

[1

{/usr/local/texlive/2025/texmf-var/fonts/map/pdftex/updmap/pdftex.map}]
Missing character: There is no e in font nullfont!
Missing character: There is no v in font nullfont!
Missing character: There is no e in font nullfont!
Missing character: There is no r in font nullfont!
Missing character: There is no y in font nullfont!
Missing character: There is no e in font nullfont!
Missing character: There is no d in font nullfont!
Missing character: There is no g in font nullfont!
Missing character: There is no e in font nullfont!
Missing character: There is no / in font nullfont!
Missing character: There is no . in font nullfont!
Missing character: There is no s in font nullfont!
Missing character: There is no t in font nullfont!
Missing character: There is no y in font nullfont!
Missing character: There is no l in font nullfont!
Missing character: There is no e in font nullfont!
Missing character: There is no = in font nullfont!
Missing character: There is no d in font nullfont!
Missing character: There is no r in font nullfont!
Missing character: There is no a in font nullfont!
Missing character: There is no w in font nullfont!
Missing character: There is no , in font nullfont!
Missing character: There is no - in font nullfont!
Missing character: There is no l in font nullfont!
Missing character: There is no a in font nullfont!
Missing character: There is no t in font nullfont!
Missing character: There is no e in font nullfont!
Missing character: There is no x in font nullfont!
Missing character: There is no , in font nullfont!
Missing character: There is no t in font nullfont!
Missing character: There is no h in font nullfont!
Missing character: There is no i in font nullfont!
Missing character: There is no c in font nullfont!
Missing character: There is no k in font nullfont!


[2]

[3]
Overfull \hbox (6.59782pt too wide) in paragraph at lines 211--216
[]\OT1/cmr/m/n/10 In the case of a linear-Gaussian hi-er-ar-chi-cal Bayesian mo
del, both the marginal
 []



[4] (./LIMB.pdf_tex
<LIMB.pdf, id=186, page=1, 422.57875pt x 127.47626pt>
File: LIMB.pdf Graphic file (type pdf)
<use LIMB.pdf, page 1>
Package pdftex.def Info: LIMB.pdf , page1 used on input line 56.
(pdftex.def)             Requested size: 422.57874pt x 127.47981pt.
<LIMB.pdf, id=187, page=2, 422.57875pt x 127.47626pt>
File: LIMB.pdf Graphic file (type pdf)
<use LIMB.pdf, page 2>
Package pdftex.def Info: LIMB.pdf , page2 used on input line 58.
(pdftex.def)             Requested size: 422.57874pt x 127.47981pt.
<LIMB.pdf, id=188, page=3, 422.57875pt x 127.47626pt>
File: LIMB.pdf Graphic file (type pdf)
<use LIMB.pdf, page 3>
Package pdftex.def Info: LIMB.pdf , page3 used on input line 62.
(pdftex.def)             Requested size: 422.57874pt x 127.47981pt.
<LIMB.pdf, id=189, page=4, 422.57875pt x 127.47626pt>
File: LIMB.pdf Graphic file (type pdf)
<use LIMB.pdf, page 4>
Package pdftex.def Info: LIMB.pdf , page4 used on input line 67.
(pdftex.def)             Requested size: 422.57874pt x 127.47981pt.
<LIMB.pdf, id=190, page=5, 422.57875pt x 127.47626pt>
File: LIMB.pdf Graphic file (type pdf)
<use LIMB.pdf, page 5>
Package pdftex.def Info: LIMB.pdf , page5 used on input line 69.
(pdftex.def)             Requested size: 422.57874pt x 127.47981pt.
<LIMB.pdf, id=191, page=6, 422.57875pt x 127.47626pt>
File: LIMB.pdf Graphic file (type pdf)
<use LIMB.pdf, page 6>
Package pdftex.def Info: LIMB.pdf , page6 used on input line 71.
(pdftex.def)             Requested size: 422.57874pt x 127.47981pt.
<LIMB.pdf, id=192, page=7, 422.57875pt x 127.47626pt>
File: LIMB.pdf Graphic file (type pdf)
<use LIMB.pdf, page 7>
Package pdftex.def Info: LIMB.pdf , page7 used on input line 73.
(pdftex.def)             Requested size: 422.57874pt x 127.47981pt.
<LIMB.pdf, id=193, page=8, 422.57875pt x 127.47626pt>
File: LIMB.pdf Graphic file (type pdf)
<use LIMB.pdf, page 8>
Package pdftex.def Info: LIMB.pdf , page8 used on input line 75.
(pdftex.def)             Requested size: 422.57874pt x 127.47981pt.
<LIMB.pdf, id=194, page=9, 422.57875pt x 127.47626pt>
File: LIMB.pdf Graphic file (type pdf)
<use LIMB.pdf, page 9>
Package pdftex.def Info: LIMB.pdf , page9 used on input line 77.
(pdftex.def)             Requested size: 422.57874pt x 127.47981pt.
<LIMB.pdf, id=195, page=10, 422.57875pt x 127.47626pt>
File: LIMB.pdf Graphic file (type pdf)
<use LIMB.pdf, page 10>
Package pdftex.def Info: LIMB.pdf , page10 used on input line 79.
(pdftex.def)             Requested size: 422.57874pt x 127.47981pt.
<LIMB.pdf, id=196, page=11, 422.57875pt x 127.47626pt>
File: LIMB.pdf Graphic file (type pdf)
<use LIMB.pdf, page 11>
Package pdftex.def Info: LIMB.pdf , page11 used on input line 81.
(pdftex.def)             Requested size: 422.57874pt x 127.47981pt.
<LIMB.pdf, id=197, page=12, 422.57875pt x 127.47626pt>
File: LIMB.pdf Graphic file (type pdf)
<use LIMB.pdf, page 12>
Package pdftex.def Info: LIMB.pdf , page12 used on input line 83.
(pdftex.def)             Requested size: 422.57874pt x 127.47981pt.
<LIMB.pdf, id=198, page=13, 422.57875pt x 127.47626pt>
File: LIMB.pdf Graphic file (type pdf)
<use LIMB.pdf, page 13>
Package pdftex.def Info: LIMB.pdf , page13 used on input line 85.
(pdftex.def)             Requested size: 422.57874pt x 127.47981pt.
)
Overfull \hbox (77.57874pt too wide) in paragraph at lines 86--236
 [][] 
 []



[5

 <./LIMB.pdf> <./LIMB.pdf

pdfTeX warning: /Library/TeX/texbin/pdflatex (file ./LIMB.pdf): PDF inclusion: 
multiple pdfs with page group included in a single page
> <./LIMB.pdf

pdfTeX warning: /Library/TeX/texbin/pdflatex (file ./LIMB.pdf): PDF inclusion: 
multiple pdfs with page group included in a single page
> <./LIMB.pdf

pdfTeX warning: /Library/TeX/texbin/pdflatex (file ./LIMB.pdf): PDF inclusion: 
multiple pdfs with page group included in a single page
> <./LIMB.pdf

pdfTeX warning: /Library/TeX/texbin/pdflatex (file ./LIMB.pdf): PDF inclusion: 
multiple pdfs with page group included in a single page
> <./LIMB.pdf

pdfTeX warning: /Library/TeX/texbin/pdflatex (file ./LIMB.pdf): PDF inclusion: 
multiple pdfs with page group included in a single page
> <./LIMB.pdf

pdfTeX warning: /Library/TeX/texbin/pdflatex (file ./LIMB.pdf): PDF inclusion: 
multiple pdfs with page group included in a single page
> <./LIMB.pdf

pdfTeX warning: /Library/TeX/texbin/pdflatex (file ./LIMB.pdf): PDF inclusion: 
multiple pdfs with page group included in a single page
> <./LIMB.pdf

pdfTeX warning: /Library/TeX/texbin/pdflatex (file ./LIMB.pdf): PDF inclusion: 
multiple pdfs with page group included in a single page
> <./LIMB.pdf

pdfTeX warning: /Library/TeX/texbin/pdflatex (file ./LIMB.pdf): PDF inclusion: 
multiple pdfs with page group included in a single page
> <./LIMB.pdf

pdfTeX warning: /Library/TeX/texbin/pdflatex (file ./LIMB.pdf): PDF inclusion: 
multiple pdfs with page group included in a single page
> <./LIMB.pdf

pdfTeX warning: /Library/TeX/texbin/pdflatex (file ./LIMB.pdf): PDF inclusion: 
multiple pdfs with page group included in a single page
> <./LIMB.pdf

pdfTeX warning: /Library/TeX/texbin/pdflatex (file ./LIMB.pdf): PDF inclusion: 
multiple pdfs with page group included in a single page
>]

LaTeX Warning: Reference `fig:OzonSampl' on page 6 undefined on input line 285.




[6]

[7]

[8]

[9] (./TrueTempPriorSampl.pdf_tex
<TrueTempPriorSampl.pdf, id=360, page=1, 315.57903pt x 315.57903pt>
File: TrueTempPriorSampl.pdf Graphic file (type pdf)
<use TrueTempPriorSampl.pdf, page 1>
Package pdftex.def Info: TrueTempPriorSampl.pdf , page1 used on input line 56.
(pdftex.def)             Requested size: 315.57901pt x 315.59268pt.
<TrueTempPriorSampl.pdf, id=361, page=2, 315.57903pt x 315.57903pt>
File: TrueTempPriorSampl.pdf Graphic file (type pdf)
<use TrueTempPriorSampl.pdf, page 2>
Package pdftex.def Info: TrueTempPriorSampl.pdf , page2 used on input line 62.
(pdftex.def)             Requested size: 315.57901pt x 315.59268pt.
<TrueTempPriorSampl.pdf, id=362, page=3, 315.57903pt x 315.57903pt>
File: TrueTempPriorSampl.pdf Graphic file (type pdf)
<use TrueTempPriorSampl.pdf, page 3>
Package pdftex.def Info: TrueTempPriorSampl.pdf , page3 used on input line 71.
(pdftex.def)             Requested size: 315.57901pt x 315.59268pt.
<TrueTempPriorSampl.pdf, id=363, page=4, 315.57903pt x 315.57903pt>
File: TrueTempPriorSampl.pdf Graphic file (type pdf)
<use TrueTempPriorSampl.pdf, page 4>
Package pdftex.def Info: TrueTempPriorSampl.pdf , page4 used on input line 73.
(pdftex.def)             Requested size: 315.57901pt x 315.59268pt.
) (./TruePressPriorSampl.pdf_tex
<TruePressPriorSampl.pdf, id=368, page=1, 315.57903pt x 315.57903pt>
File: TruePressPriorSampl.pdf Graphic file (type pdf)
<use TruePressPriorSampl.pdf, page 1>
Package pdftex.def Info: TruePressPriorSampl.pdf , page1 used on input line 56.

(pdftex.def)             Requested size: 315.57901pt x 315.59268pt.
<TruePressPriorSampl.pdf, id=369, page=2, 315.57903pt x 315.57903pt>
File: TruePressPriorSampl.pdf Graphic file (type pdf)
<use TruePressPriorSampl.pdf, page 2>
Package pdftex.def Info: TruePressPriorSampl.pdf , page2 used on input line 58.

(pdftex.def)             Requested size: 315.57901pt x 315.59268pt.
)
<PriorTempOverPostMeanSigm.png, id=374, 315.0972pt x 315.0972pt>
File: PriorTempOverPostMeanSigm.png Graphic file (type png)
<use PriorTempOverPostMeanSigm.png>
Package pdftex.def Info: PriorTempOverPostMeanSigm.png  used on input line 430.

(pdftex.def)             Requested size: 315.09642pt x 315.09642pt.


[10

]
Overfull \hbox (1.98163pt too wide) in paragraph at lines 457--458
\OML/cmm/m/it/10 ^^M \OMS/cmsy/m/n/10 ^^X T\OT1/cmr/m/n/10 (\OML/cmm/m/it/10 [
]; ^^L[]\OT1/cmr/m/n/10 ) \OMS/cmsy/m/n/10 / \OML/cmm/m/it/10 ^^M[] [] []$ \OT1
/cmr/m/n/10 and $\OML/cmm/m/it/10 ^^N \OMS/cmsy/m/n/10 ^^X T\OT1/cmr/m/n/10 (\O
ML/cmm/m/it/10 []; ^^L[]\OT1/cmr/m/n/10 )$ with $(\OML/cmm/m/it/10 []; ^^L[]\
OT1/cmr/m/n/10 ) = (\OML/cmm/m/it/10 []; ^^L[]\OT1/cmr/m/n/10 ) =
 []



[11 <./TrueTempPriorSampl.pdf> <./TrueTempPriorSampl.pdf

pdfTeX warning: /Library/TeX/texbin/pdflatex (file ./TrueTempPriorSampl.pdf): P
DF inclusion: multiple pdfs with page group included in a single page
> <./TrueTempPriorSampl.pdf

pdfTeX warning: /Library/TeX/texbin/pdflatex (file ./TrueTempPriorSampl.pdf): P
DF inclusion: multiple pdfs with page group included in a single page
> <./TrueTempPriorSampl.pdf

pdfTeX warning: /Library/TeX/texbin/pdflatex (file ./TrueTempPriorSampl.pdf): P
DF inclusion: multiple pdfs with page group included in a single page
>]

[12 <./TruePressPriorSampl.pdf> <./TruePressPriorSampl.pdf

pdfTeX warning: /Library/TeX/texbin/pdflatex (file ./TruePressPriorSampl.pdf): 
PDF inclusion: multiple pdfs with page group included in a single page
>]

[13 <./PriorTempOverPostMeanSigm.png>]
Overfull \hbox (51.64584pt too wide) in paragraph at lines 536--543
 [][] 
 []


Underfull \hbox (badness 3364) in paragraph at lines 543--543
[]\OT1/cmr/m/n/10 Figure 6: |DAG of the hi-er-ar-chi-cal Bayesian model in-clud
-ing ozone
 []


Underfull \hbox (badness 4060) in paragraph at lines 543--543
\OML/cmm/b/it/10 x$\OT1/cmr/m/n/10 , pres-sure $\OML/cmm/b/it/10 p$ \OT1/cmr/m/
n/10 and tem-per-a-ture $\OML/cmm/b/it/10 T$\OT1/cmr/m/n/10 . The hyper-paramet
ers $\OML/cmm/b/it/10 h[] \OT1/cmr/m/n/10 =
 []


Overfull \hbox (39.19461pt too wide) in paragraph at lines 547--554
\OT1/cmr/m/n/10 pen-den-cies be-tween the pa-ram-e-ter $\OML/cmm/b/it/10 x$ \OT
1/cmr/m/n/10 and the hyper-parameters $\OML/cmm/b/it/10 ^^R \OT1/cmr/m/n/10 = \
OMS/cmsy/m/n/10 f\OML/cmm/m/it/10 p[]; b; T[]; \OML/cmm/b/it/10 h[]\OML/cmm/m/i
t/10 ; \OML/cmm/b/it/10 a\OML/cmm/m/it/10 ; ^^N; ^^M\OMS/cmsy/m/n/10 g$\OT1/cmr
/m/n/10 .
 []



[14

]

[15]

[16]

[17

]
<TTPapData.png, id=507, 315.579pt x 315.579pt>
File: TTPapData.png Graphic file (type png)
<use TTPapData.png>
Package pdftex.def Info: TTPapData.png  used on input line 693.
(pdftex.def)             Requested size: 315.57822pt x 315.57822pt.


[18]

[19 <./TTPapData.png>]

[20

]

[21]

[22]

[23

]
<1stCorrPlot.png, id=591, 420.8523pt x 599.841pt>
File: 1stCorrPlot.png Graphic file (type png)
<use 1stCorrPlot.png>
Package pdftex.def Info: 1stCorrPlot.png  used on input line 837.
(pdftex.def)             Requested size: 420.85127pt x 599.83952pt.

Overfull \hbox (75.85127pt too wide) in paragraph at lines 837--838
[][] 
 []


LaTeX Warning: Float too large for page by 107.83952pt on input line 840.


LaTeX Warning: `!h' float specifier changed to `!ht'.

<2ndCorrPlot.png, id=592, 420.8523pt x 599.841pt>
File: 2ndCorrPlot.png Graphic file (type png)
<use 2ndCorrPlot.png>
Package pdftex.def Info: 2ndCorrPlot.png  used on input line 842.
(pdftex.def)             Requested size: 420.85127pt x 599.83952pt.

Overfull \hbox (75.85127pt too wide) in paragraph at lines 842--843
[][] 
 []


LaTeX Warning: Float too large for page by 83.83952pt on input line 844.



[24 <./1stCorrPlot.png>]

[25 <./2ndCorrPlot.png>]
Overfull \hbox (34.06949pt too wide) detected at line 855
[]
 []


Overfull \hbox (34.54832pt too wide) in paragraph at lines 884--885
[]\OT1/cmr/m/n/10 More ex-plic-itly, con-di-tioned on an in-de-pen-dent $\OT1/c
mr/bx/n/10 ^^H[]\OML/cmm/m/it/10 ; ^^N[]; ^^M[] \OMS/cmsy/m/n/10 ^^X \OML/cmm/m
/it/10 ^^Y\OT1/cmr/m/n/10 (\OT1/cmr/bx/n/10 ^^H[]\OML/cmm/m/it/10 ; ^^N[]; ^^M[
]\OMS/cmsy/m/n/10 j\OML/cmm/b/it/10 y\OT1/cmr/m/n/10 )$,
 []

<TTPaperFirstOzone.png, id=613, 315.579pt x 315.579pt>
File: TTPaperFirstOzone.png Graphic file (type png)
<use TTPaperFirstOzone.png>
Package pdftex.def Info: TTPaperFirstOzone.png  used on input line 899.
(pdftex.def)             Requested size: 315.57822pt x 315.57822pt.


[26


]
Overfull \hbox (68.70992pt too wide) detected at line 931
[]
 []



[27 <./TTPaperFirstOzone.png>]
<TTPapAssMap.png, id=631, 315.579pt x 315.579pt>
File: TTPapAssMap.png Graphic file (type png)
<use TTPapAssMap.png>
Package pdftex.def Info: TTPapAssMap.png  used on input line 960.
(pdftex.def)             Requested size: 315.57822pt x 315.57822pt.


[28]

[29 <./TTPapAssMap.png>]
<TTPaperFirstPressAffine.png, id=650, 315.579pt x 315.579pt>
File: TTPaperFirstPressAffine.png Graphic file (type png)
<use TTPaperFirstPressAffine.png>
Package pdftex.def Info: TTPaperFirstPressAffine.png  used on input line 988.
(pdftex.def)             Requested size: 315.57822pt x 315.57822pt.
<TTPaperFirstTempAffine.png, id=653, 315.579pt x 315.579pt>
File: TTPaperFirstTempAffine.png Graphic file (type png)
<use TTPaperFirstTempAffine.png>
Package pdftex.def Info: TTPaperFirstTempAffine.png  used on input line 995.
(pdftex.def)             Requested size: 315.57822pt x 315.57822pt.


[30

 <./TTPaperFirstPressAffine.png>]

[31 <./TTPaperFirstTempAffine.png>]
<TTPaperFirstOzoneAffine.png, id=675, 315.579pt x 315.579pt>
File: TTPaperFirstOzoneAffine.png Graphic file (type png)
<use TTPaperFirstOzoneAffine.png>
Package pdftex.def Info: TTPaperFirstOzoneAffine.png  used on input line 1007.
(pdftex.def)             Requested size: 315.57822pt x 315.57822pt.


[32

 <./TTPaperFirstOzoneAffine.png>]

[33

]

Package biblatex Warning: Name format 'last-first' deprecated.
(biblatex)                Please use 'family-given' instead.
(biblatex)                Using 'family-given' now.


Overfull \hbox (7.88931pt too wide) in paragraph at lines 1028--1028
\OT1/cmr/m/n/10 prob-lem''. In: \OT1/cmr/m/it/10 SIAM/ASA Jour-nal on Un-cer-ta
inty Quan-tifi-ca-tion \OT1/cmr/m/n/10 4.1 (2016),
 []


Overfull \hbox (4.447pt too wide) in paragraph at lines 1028--1028
\OT1/cmr/m/n/10 In: \OT1/cmr/m/it/10 Jour-nal of Quan-ti-ta-tive Spec-troscopy 
and Ra-dia-tive Trans-fer \OT1/cmr/m/n/10 277.107949
 []



[34

]

[35] (./TrueTemp.pdf_tex
<TrueTemp.pdf, id=710, page=1, 315.57903pt x 315.57903pt>
File: TrueTemp.pdf Graphic file (type pdf)
<use TrueTemp.pdf, page 1>
Package pdftex.def Info: TrueTemp.pdf , page1 used on input line 56.
(pdftex.def)             Requested size: 315.57901pt x 315.59268pt.
<TrueTemp.pdf, id=711, page=2, 315.57903pt x 315.57903pt>
File: TrueTemp.pdf Graphic file (type pdf)
<use TrueTemp.pdf, page 2>
Package pdftex.def Info: TrueTemp.pdf , page2 used on input line 62.
(pdftex.def)             Requested size: 315.57901pt x 315.59268pt.
<TrueTemp.pdf, id=712, page=3, 315.57903pt x 315.57903pt>
File: TrueTemp.pdf Graphic file (type pdf)
<use TrueTemp.pdf, page 3>
Package pdftex.def Info: TrueTemp.pdf , page3 used on input line 71.
(pdftex.def)             Requested size: 315.57901pt x 315.59268pt.
<TrueTemp.pdf, id=713, page=4, 315.57903pt x 315.57903pt>
File: TrueTemp.pdf Graphic file (type pdf)
<use TrueTemp.pdf, page 4>
Package pdftex.def Info: TrueTemp.pdf , page4 used on input line 73.
(pdftex.def)             Requested size: 315.57901pt x 315.59268pt.
) (./TruePress.pdf_tex
<TruePress.pdf, id=716, page=1, 315.57903pt x 315.57903pt>
File: TruePress.pdf Graphic file (type pdf)
<use TruePress.pdf, page 1>
Package pdftex.def Info: TruePress.pdf , page1 used on input line 56.
(pdftex.def)             Requested size: 315.57901pt x 315.59268pt.
<TruePress.pdf, id=717, page=2, 315.57903pt x 315.57903pt>
File: TruePress.pdf Graphic file (type pdf)
<use TruePress.pdf, page 2>
Package pdftex.def Info: TruePress.pdf , page2 used on input line 58.
(pdftex.def)             Requested size: 315.57901pt x 315.59268pt.
)

[36]

[37 <./TrueTemp.pdf> <./TrueTemp.pdf

pdfTeX warning: /Library/TeX/texbin/pdflatex (file ./TrueTemp.pdf): PDF inclusi
on: multiple pdfs with page group included in a single page
> <./TrueTemp.pdf

pdfTeX warning: /Library/TeX/texbin/pdflatex (file ./TrueTemp.pdf): PDF inclusi
on: multiple pdfs with page group included in a single page
> <./TrueTemp.pdf

pdfTeX warning: /Library/TeX/texbin/pdflatex (file ./TrueTemp.pdf): PDF inclusi
on: multiple pdfs with page group included in a single page
>]

[38 <./TruePress.pdf> <./TruePress.pdf

pdfTeX warning: /Library/TeX/texbin/pdflatex (file ./TruePress.pdf): PDF inclus
ion: multiple pdfs with page group included in a single page
>]
<TTPaperFirstPress.png, id=745, 315.579pt x 315.579pt>
File: TTPaperFirstPress.png Graphic file (type png)
<use TTPaperFirstPress.png>
Package pdftex.def Info: TTPaperFirstPress.png  used on input line 1049.
(pdftex.def)             Requested size: 315.57822pt x 315.57822pt.
<TTPaperFirstTemp.png, id=748, 315.579pt x 315.579pt>
File: TTPaperFirstTemp.png Graphic file (type png)
<use TTPaperFirstTemp.png>
Package pdftex.def Info: TTPaperFirstTemp.png  used on input line 1056.
(pdftex.def)             Requested size: 315.57822pt x 315.57822pt.


[39

 <./TTPaperFirstPress.png>]

[40 <./TTPaperFirstTemp.png>]
<1stCorrPlotAffine.png, id=763, 420.8523pt x 599.841pt>
File: 1stCorrPlotAffine.png Graphic file (type png)
<use 1stCorrPlotAffine.png>
Package pdftex.def Info: 1stCorrPlotAffine.png  used on input line 1064.
(pdftex.def)             Requested size: 420.85127pt x 599.83952pt.

Overfull \hbox (75.85127pt too wide) in paragraph at lines 1064--1065
[][] 
 []


LaTeX Warning: Float too large for page by 107.83952pt on input line 1067.


LaTeX Warning: `!h' float specifier changed to `!ht'.

<2ndCorrPlotAffine.png, id=764, 420.8523pt x 599.841pt>
File: 2ndCorrPlotAffine.png Graphic file (type png)
<use 2ndCorrPlotAffine.png>
Package pdftex.def Info: 2ndCorrPlotAffine.png  used on input line 1069.
(pdftex.def)             Requested size: 420.85127pt x 599.83952pt.

Overfull \hbox (75.85127pt too wide) in paragraph at lines 1069--1070
[][] 
 []


LaTeX Warning: Float too large for page by 83.83952pt on input line 1071.



[41

]

[42 <./1stCorrPlotAffine.png>]

[43 <./2ndCorrPlotAffine.png>] (./main.aux)
 ***********
LaTeX2e <2024-11-01> patch level 2
L3 programming layer <2025-01-18>
 ***********


LaTeX Warning: There were undefined references.

Package rerunfilecheck Info: File `main.out' has not changed.
(rerunfilecheck)             Checksum: E30141BBA8B611B970D52DCCBFD86303;4303.
Package logreq Info: Writing requests to 'main.run.xml'.
\openout1 = `main.run.xml'.

 ) 
Here is how much of TeX's memory you used:
 33964 strings out of 473190
 660743 string characters out of 5715800
 1400284 words of memory out of 5000000
 56517 multiletter control sequences out of 15000+600000
 572732 words of font info for 87 fonts, out of 8000000 for 9000
 1141 hyphenation exceptions out of 8191
 84i,20n,117p,1850b,1511s stack positions out of 10000i,1000n,20000p,200000b,200000s
</usr/local/texlive/2025/texmf-dist/fonts/type1/public/amsfonts/cm/cmbx10.pfb
></usr/local/texlive/2025/texmf-dist/fonts/type1/public/amsfonts/cm/cmbx12.pfb>
</usr/local/texlive/2025/texmf-dist/fonts/type1/public/amsfonts/cm/cmbx7.pfb></
usr/local/texlive/2025/texmf-dist/fonts/type1/public/amsfonts/cm/cmbx9.pfb></us
r/local/texlive/2025/texmf-dist/fonts/type1/public/amsfonts/cm/cmex10.pfb></usr
/local/texlive/2025/texmf-dist/fonts/type1/public/amsfonts/cm/cmmi10.pfb></usr/
local/texlive/2025/texmf-dist/fonts/type1/public/amsfonts/cm/cmmi5.pfb></usr/lo
cal/texlive/2025/texmf-dist/fonts/type1/public/amsfonts/cm/cmmi7.pfb></usr/loca
l/texlive/2025/texmf-dist/fonts/type1/public/amsfonts/cm/cmmib10.pfb></usr/loca
l/texlive/2025/texmf-dist/fonts/type1/public/amsfonts/cmextra/cmmib7.pfb></usr/
local/texlive/2025/texmf-dist/fonts/type1/public/amsfonts/cm/cmr10.pfb></usr/lo
cal/texlive/2025/texmf-dist/fonts/type1/public/amsfonts/cm/cmr12.pfb></usr/loca
l/texlive/2025/texmf-dist/fonts/type1/public/amsfonts/cm/cmr17.pfb></usr/local/
texlive/2025/texmf-dist/fonts/type1/public/amsfonts/cm/cmr5.pfb></usr/local/tex
live/2025/texmf-dist/fonts/type1/public/amsfonts/cm/cmr7.pfb></usr/local/texliv
e/2025/texmf-dist/fonts/type1/public/amsfonts/cm/cmr9.pfb></usr/local/texlive/2
025/texmf-dist/fonts/type1/public/amsfonts/cm/cmsy10.pfb></usr/local/texlive/20
25/texmf-dist/fonts/type1/public/amsfonts/cm/cmsy5.pfb></usr/local/texlive/2025
/texmf-dist/fonts/type1/public/amsfonts/cm/cmsy7.pfb></usr/local/texlive/2025/t
exmf-dist/fonts/type1/public/amsfonts/cm/cmti10.pfb></usr/local/texlive/2025/te
xmf-dist/fonts/type1/public/amsfonts/cm/cmtt10.pfb></usr/local/texlive/2025/tex
mf-dist/fonts/type1/public/amsfonts/symbols/msam10.pfb></usr/local/texlive/2025
/texmf-dist/fonts/type1/public/amsfonts/symbols/msbm10.pfb>
Output written on main.pdf (43 pages, 4724487 bytes).
PDF statistics:
 922 PDF objects out of 1000 (max. 8388607)
 733 compressed objects within 8 object streams
 192 named destinations out of 1000 (max. 500000)
 387 words of extra memory for PDF output out of 10000 (max. 10000000)

